<?xml version="1.0" encoding="UTF-8"?>
<!-- Generated by org.testng.reporters.JUnitReportReporter -->
<testsuite hostname="DESKTOP-4BCRE3U" failures="0" tests="3" name="Test_Testng.Test_1" time="0.002" errors="0" timestamp="2022-07-17T22:05:43 IST" skipped="3">
  <testcase classname="Test_Testng.Test_1" name="test_1" time="0.000">
    <skipped/>
  </testcase> <!-- test_1 -->
  <system-out/>
  <testcase classname="Test_Testng.Test_1" name="test_2" time="0.001">
    <skipped/>
  </testcase> <!-- test_2 -->
  <system-out/>
  <testcase classname="Test_Testng.Test_1" name="test_3" time="0.001">
    <skipped/>
  </testcase> <!-- test_3 -->
  <system-out/>
</testsuite> <!-- Test_Testng.Test_1 -->
