<?xml version="1.0" encoding="UTF-8"?>
<!-- Generated by org.testng.reporters.JUnitReportReporter -->
<testsuite hostname="DESKTOP-4BCRE3U" failures="0" tests="3" name="Test_Testng.Test_6" time="0.012" errors="0" timestamp="2022-07-18T15:41:32 IST" skipped="0">
  <testcase classname="Test_Testng.Test_6" name="m1" time="0.010"/>
  <system-out/>
  <testcase classname="Test_Testng.Test_6" name="m3" time="0.001"/>
  <system-out/>
  <testcase classname="Test_Testng.Test_6" name="m2" time="0.001"/>
  <system-out/>
</testsuite> <!-- Test_Testng.Test_6 -->
