<?xml version="1.0" encoding="UTF-8"?>
<!-- Generated by org.testng.reporters.JUnitReportReporter -->
<testsuite hostname="DESKTOP-4BCRE3U" failures="0" tests="6" name="Test_Testng.Test_5" time="0.002" errors="0" timestamp="2022-07-17T22:05:43 IST" skipped="6">
  <testcase classname="Test_Testng.Test_5" name="Z" time="0.000">
    <skipped/>
  </testcase> <!-- Z -->
  <system-out/>
  <testcase classname="Test_Testng.Test_5" name="S" time="0.000">
    <skipped/>
  </testcase> <!-- S -->
  <system-out/>
  <testcase classname="Test_Testng.Test_5" name="R" time="0.001">
    <skipped/>
  </testcase> <!-- R -->
  <system-out/>
  <testcase classname="Test_Testng.Test_5" name="G" time="0.000">
    <skipped/>
  </testcase> <!-- G -->
  <system-out/>
  <testcase classname="Test_Testng.Test_5" name="A" time="0.001">
    <skipped/>
  </testcase> <!-- A -->
  <system-out/>
  <testcase classname="Test_Testng.Test_5" name="A" time="0.000">
    <skipped/>
  </testcase> <!-- A -->
  <system-out/>
</testsuite> <!-- Test_Testng.Test_5 -->
