<?xml version="1.0" encoding="UTF-8"?>
<!-- Generated by org.testng.reporters.JUnitReportReporter -->
<testsuite hostname="DESKTOP-4BCRE3U" failures="0" tests="1" name="Test_Testng.Test_3" time="0.004" errors="0" timestamp="2022-07-17T22:05:43 IST" skipped="1">
  <testcase classname="Test_Testng.Test_3" name="Test_1" time="0.004">
    <skipped/>
  </testcase> <!-- Test_1 -->
  <system-out/>
</testsuite> <!-- Test_Testng.Test_3 -->
