<?xml version="1.0" encoding="UTF-8"?>
<!-- Generated by org.testng.reporters.JUnitReportReporter -->
<testsuite hostname="DESKTOP-4BCRE3U" failures="0" tests="1" name="com.sdet.TC_Login" time="11.477" errors="0" timestamp="2022-05-26T12:33:17 IST" skipped="0">
  <testcase classname="com.sdet.TC_Login" name="login_Test" time="11.477"/>
  <system-out/>
</testsuite> <!-- com.sdet.TC_Login -->
